compiling D:\documents\starseeds\Assets\StreamingAssets\rezolve\launch.dll
Error (145:22): Type `UnityEngine.GameObject' does not contain a definition for `localScale' and no extension method `localScale' of type `UnityEngine.GameObject' could be found (are you missing a using directive or an assembly reference?)

Compilation took 1.564 seconds.
modified D:\documents\starseeds\Assets\StreamingAssets\rezolve\launch.cs
Recompiling launch
compiling D:\documents\starseeds\Assets\StreamingAssets\rezolve\launch.dll
modified D:\documents\starseeds\Assets\StreamingAssets\rezolve\launch.cs
Recompiling launch
compiling D:\documents\starseeds\Assets\StreamingAssets\rezolve\launch.dll
modified D:\documents\starseeds\Assets\StreamingAssets\rezolve\launch.cs
Recompiling launch
compiling D:\documents\starseeds\Assets\StreamingAssets\rezolve\launch.dll
modified D:\documents\starseeds\Assets\StreamingAssets\rezolve\launch.cs
Recompiling launch
compiling D:\documents\starseeds\Assets\StreamingAssets\rezolve\launch.dll
Error (146:32): Operator `*=' cannot be applied to operands of type `UnityEngine.Vector3' and `UnityEngine.Vector3'

modified D:\documents\starseeds\Assets\StreamingAssets\rezolve\launch.cs
Recompiling launch
compiling D:\documents\starseeds\Assets\StreamingAssets\rezolve\launch.dll
modified D:\documents\starseeds\Assets\StreamingAssets\rezolve\launch.cs
Recompiling launch
compiling D:\documents\starseeds\Assets\StreamingAssets\rezolve\launch.dll
Loading took 0.194 seconds.
Loading took 0.232 seconds.
Loading took 0.202 seconds.
modified D:\documents\starseeds\Assets\StreamingAssets\rezolve\best.cs
Recompiling best
compiling D:\documents\starseeds\Assets\StreamingAssets\rezolve\best.dll
